<?xml version="1.0" encoding="UTF-8"?>
<!-- Generated by org.testng.reporters.JUnitReportReporter -->
<testsuite skipped="0" hostname="WINCTRL-S7O5VAO" name="com.qa.hubspot.tests.HomePageTest" tests="2" failures="0" timestamp="2020-01-21T22:14:29 IST" time="82.290" errors="0">
  <testcase name="verifyHomePageTitleTest" time="39.583" classname="com.qa.hubspot.tests.HomePageTest"/>
  <testcase name="verifyHomePageHeaderTest" time="42.707" classname="com.qa.hubspot.tests.HomePageTest"/>
</testsuite> <!-- com.qa.hubspot.tests.HomePageTest -->
