<?xml version="1.0" encoding="UTF-8"?>
<!-- Generated by org.testng.reporters.JUnitReportReporter -->
<testsuite skipped="0" hostname="WINCTRL-S7O5VAO" name="com.qa.hubspot.tests.LoginPFTest" tests="1" failures="0" timestamp="20 Jan 2020 16:39:01 GMT" time="29.880" errors="0">
  <testcase name="loginTest" time="29.880" classname="com.qa.hubspot.tests.LoginPFTest"/>
</testsuite> <!-- com.qa.hubspot.tests.LoginPFTest -->
