<?xml version="1.0" encoding="UTF-8"?>
<!-- Generated by org.testng.reporters.JUnitReportReporter -->
<testsuite skipped="0" hostname="WINCTRL-S7O5VAO" name="com.qa.hubspot.tests.LoginTest" tests="2" failures="0" timestamp="19 Jan 2020 13:38:41 GMT" time="51.310" errors="0">
  <testcase name="verifyloginPageTitleTest" time="18.491" classname="com.qa.hubspot.tests.LoginTest"/>
  <testcase name="loginTest" time="32.819" classname="com.qa.hubspot.tests.LoginTest"/>
</testsuite> <!-- com.qa.hubspot.tests.LoginTest -->
