<?xml version="1.0" encoding="UTF-8"?>
<!-- Generated by org.testng.reporters.JUnitReportReporter -->
<testsuite skipped="0" hostname="WINCTRL-S7O5VAO" name="com.qa.hubspot.tests.LoginTest" tests="2" failures="0" timestamp="2020-01-21T22:14:29 IST" time="58.194" errors="0">
  <testcase name="verifyloginPageTitleTest" time="24.300" classname="com.qa.hubspot.tests.LoginTest"/>
  <testcase name="loginTest" time="33.894" classname="com.qa.hubspot.tests.LoginTest"/>
</testsuite> <!-- com.qa.hubspot.tests.LoginTest -->
