<?xml version="1.0" encoding="UTF-8"?>
<!-- Generated by org.testng.reporters.JUnitReportReporter -->
<testsuite skipped="0" hostname="WINCTRL-S7O5VAO" name="com.qa.hubspot.tests.LoginTest" tests="2" failures="0" timestamp="21 Jan 2020 15:06:28 GMT" time="52.692" errors="0">
  <testcase name="verifyloginPageTitleTest" time="32.971" classname="com.qa.hubspot.tests.LoginTest"/>
  <testcase name="loginTest" time="19.721" classname="com.qa.hubspot.tests.LoginTest"/>
</testsuite> <!-- com.qa.hubspot.tests.LoginTest -->
